2025-07-23T00:20:31.043+05:30  INFO 11383 --- [restJob] [SpringApplicationShutdownHook] o.s.b.w.e.tomcat.GracefulShutdown        : Commencing graceful shutdown. Waiting for active requests to complete
2025-07-23T00:20:31.135+05:30  INFO 11383 --- [restJob] [tomcat-shutdown] o.s.b.w.e.tomcat.GracefulShutdown        : Graceful shutdown complete
2025-07-23T00:20:31.193+05:30  INFO 11383 --- [restJob] [SpringApplicationShutdownHook] j.LocalContainerEntityManagerFactoryBean : Closing JPA EntityManagerFactory for persistence unit 'default'
2025-07-23T00:20:31.271+05:30  INFO 11383 --- [restJob] [SpringApplicationShutdownHook] com.zaxxer.hikari.HikariDataSource       : HikariPool-1 - Shutdown initiated...
2025-07-23T00:20:31.309+05:30  INFO 11383 --- [restJob] [SpringApplicationShutdownHook] com.zaxxer.hikari.HikariDataSource       : HikariPool-1 - Shutdown completed.
2025-07-23T00:20:49.602+05:30  INFO 12948 --- [restJob] [main] com.restJob.restJob.RestJobApplication   : Starting RestJobApplication using Java 21.0.7 with PID 12948 (/Users/parul/maven_demo/jobAPP Full Stack/restJob/target/classes started by parul in /Users/parul/maven_demo/jobAPP Full Stack/restJob)
2025-07-23T00:20:49.606+05:30  INFO 12948 --- [restJob] [main] com.restJob.restJob.RestJobApplication   : No active profile set, falling back to 1 default profile: "default"
2025-07-23T00:20:50.906+05:30  INFO 12948 --- [restJob] [main] .s.d.r.c.RepositoryConfigurationDelegate : Bootstrapping Spring Data JPA repositories in DEFAULT mode.
2025-07-23T00:20:51.029+05:30  INFO 12948 --- [restJob] [main] .s.d.r.c.RepositoryConfigurationDelegate : Finished Spring Data repository scanning in 90 ms. Found 2 JPA repository interfaces.
2025-07-23T00:20:52.171+05:30  INFO 12948 --- [restJob] [main] o.s.b.w.embedded.tomcat.TomcatWebServer  : Tomcat initialized with port 8080 (http)
2025-07-23T00:20:52.214+05:30  INFO 12948 --- [restJob] [main] o.apache.catalina.core.StandardService   : Starting service [Tomcat]
2025-07-23T00:20:52.215+05:30  INFO 12948 --- [restJob] [main] o.apache.catalina.core.StandardEngine    : Starting Servlet engine: [Apache Tomcat/10.1.39]
2025-07-23T00:20:52.303+05:30  INFO 12948 --- [restJob] [main] o.a.c.c.C.[Tomcat].[localhost].[/]       : Initializing Spring embedded WebApplicationContext
2025-07-23T00:20:52.304+05:30  INFO 12948 --- [restJob] [main] w.s.c.ServletWebServerApplicationContext : Root WebApplicationContext: initialization completed in 2590 ms
2025-07-23T00:20:52.624+05:30  INFO 12948 --- [restJob] [main] o.hibernate.jpa.internal.util.LogHelper  : HHH000204: Processing PersistenceUnitInfo [name: default]
2025-07-23T00:20:52.743+05:30  INFO 12948 --- [restJob] [main] org.hibernate.Version                    : HHH000412: Hibernate ORM core version 6.6.11.Final
2025-07-23T00:20:52.806+05:30  INFO 12948 --- [restJob] [main] o.h.c.internal.RegionFactoryInitiator    : HHH000026: Second-level cache disabled
2025-07-23T00:20:53.256+05:30  INFO 12948 --- [restJob] [main] o.s.o.j.p.SpringPersistenceUnitInfo      : No LoadTimeWeaver setup: ignoring JPA class transformer
2025-07-23T00:20:53.309+05:30  INFO 12948 --- [restJob] [main] com.zaxxer.hikari.HikariDataSource       : HikariPool-1 - Starting...
2025-07-23T00:20:53.316+05:30  WARN 12948 --- [restJob] [main] c.zaxxer.hikari.util.DriverDataSource    : Registered driver with driverClassName=com.mysql.jdbc.Driver was not found, trying direct instantiation.
2025-07-23T00:20:53.893+05:30  INFO 12948 --- [restJob] [main] com.zaxxer.hikari.pool.HikariPool        : HikariPool-1 - Added connection com.mysql.cj.jdbc.ConnectionImpl@97b5e6a
2025-07-23T00:20:53.896+05:30  INFO 12948 --- [restJob] [main] com.zaxxer.hikari.HikariDataSource       : HikariPool-1 - Start completed.
2025-07-23T00:20:54.026+05:30  INFO 12948 --- [restJob] [main] org.hibernate.orm.connections.pooling    : HHH10001005: Database info:
	Database JDBC URL [Connecting through datasource 'HikariDataSource (HikariPool-1)']
	Database driver: undefined/unknown
	Database version: 9.1
	Autocommit mode: undefined/unknown
	Isolation level: undefined/unknown
	Minimum pool size: undefined/unknown
	Maximum pool size: undefined/unknown
2025-07-23T00:20:55.376+05:30  INFO 12948 --- [restJob] [main] o.h.e.t.j.p.i.JtaPlatformInitiator       : HHH000489: No JTA platform available (set 'hibernate.transaction.jta.platform' to enable JTA platform integration)
2025-07-23T00:20:55.478+05:30  INFO 12948 --- [restJob] [main] j.LocalContainerEntityManagerFactoryBean : Initialized JPA EntityManagerFactory for persistence unit 'default'
2025-07-23T00:20:56.069+05:30  WARN 12948 --- [restJob] [main] JpaBaseConfiguration$JpaWebConfiguration : spring.jpa.open-in-view is enabled by default. Therefore, database queries may be performed during view rendering. Explicitly configure spring.jpa.open-in-view to disable this warning
2025-07-23T00:20:56.105+05:30  INFO 12948 --- [restJob] [main] r$InitializeUserDetailsManagerConfigurer : Global AuthenticationManager configured with UserDetailsService bean with name myUserDetailsService
2025-07-23T00:20:56.923+05:30  INFO 12948 --- [restJob] [main] o.s.b.w.embedded.tomcat.TomcatWebServer  : Tomcat started on port 8080 (http) with context path '/'
2025-07-23T00:20:56.949+05:30  INFO 12948 --- [restJob] [main] com.restJob.restJob.RestJobApplication   : Started RestJobApplication in 8.168 seconds (process running for 8.658)
2025-07-23T00:21:06.571+05:30  INFO 12948 --- [restJob] [http-nio-8080-exec-1] o.a.c.c.C.[Tomcat].[localhost].[/]       : Initializing Spring DispatcherServlet 'dispatcherServlet'
2025-07-23T00:21:06.571+05:30  INFO 12948 --- [restJob] [http-nio-8080-exec-1] o.s.web.servlet.DispatcherServlet        : Initializing Servlet 'dispatcherServlet'
2025-07-23T00:21:06.573+05:30  INFO 12948 --- [restJob] [http-nio-8080-exec-1] o.s.web.servlet.DispatcherServlet        : Completed initialization in 1 ms
2025-07-23T00:29:14.951+05:30  INFO 12948 --- [restJob] [SpringApplicationShutdownHook] o.s.b.w.e.tomcat.GracefulShutdown        : Commencing graceful shutdown. Waiting for active requests to complete
2025-07-23T00:29:14.980+05:30  INFO 12948 --- [restJob] [tomcat-shutdown] o.s.b.w.e.tomcat.GracefulShutdown        : Graceful shutdown complete
2025-07-23T00:29:15.013+05:30  INFO 12948 --- [restJob] [SpringApplicationShutdownHook] j.LocalContainerEntityManagerFactoryBean : Closing JPA EntityManagerFactory for persistence unit 'default'
2025-07-23T00:29:15.032+05:30  INFO 12948 --- [restJob] [SpringApplicationShutdownHook] com.zaxxer.hikari.HikariDataSource       : HikariPool-1 - Shutdown initiated...
2025-07-23T00:29:15.098+05:30  INFO 12948 --- [restJob] [SpringApplicationShutdownHook] com.zaxxer.hikari.HikariDataSource       : HikariPool-1 - Shutdown completed.
2025-07-23T00:29:18.512+05:30  INFO 13223 --- [restJob] [main] com.restJob.restJob.RestJobApplication   : Starting RestJobApplication using Java 21.0.7 with PID 13223 (/Users/parul/maven_demo/jobAPP Full Stack/restJob/target/classes started by parul in /Users/parul/maven_demo/jobAPP Full Stack/restJob)
2025-07-23T00:29:18.515+05:30  INFO 13223 --- [restJob] [main] com.restJob.restJob.RestJobApplication   : No active profile set, falling back to 1 default profile: "default"
2025-07-23T00:29:19.689+05:30  INFO 13223 --- [restJob] [main] .s.d.r.c.RepositoryConfigurationDelegate : Bootstrapping Spring Data JPA repositories in DEFAULT mode.
2025-07-23T00:29:19.874+05:30  INFO 13223 --- [restJob] [main] .s.d.r.c.RepositoryConfigurationDelegate : Finished Spring Data repository scanning in 138 ms. Found 2 JPA repository interfaces.
2025-07-23T00:29:21.001+05:30  INFO 13223 --- [restJob] [main] o.s.b.w.embedded.tomcat.TomcatWebServer  : Tomcat initialized with port 8080 (http)
2025-07-23T00:29:21.029+05:30  INFO 13223 --- [restJob] [main] o.apache.catalina.core.StandardService   : Starting service [Tomcat]
2025-07-23T00:29:21.029+05:30  INFO 13223 --- [restJob] [main] o.apache.catalina.core.StandardEngine    : Starting Servlet engine: [Apache Tomcat/10.1.39]
2025-07-23T00:29:21.117+05:30  INFO 13223 --- [restJob] [main] o.a.c.c.C.[Tomcat].[localhost].[/]       : Initializing Spring embedded WebApplicationContext
2025-07-23T00:29:21.118+05:30  INFO 13223 --- [restJob] [main] w.s.c.ServletWebServerApplicationContext : Root WebApplicationContext: initialization completed in 2533 ms
2025-07-23T00:29:21.416+05:30  INFO 13223 --- [restJob] [main] o.hibernate.jpa.internal.util.LogHelper  : HHH000204: Processing PersistenceUnitInfo [name: default]
2025-07-23T00:29:21.638+05:30  INFO 13223 --- [restJob] [main] org.hibernate.Version                    : HHH000412: Hibernate ORM core version 6.6.11.Final
2025-07-23T00:29:21.696+05:30  INFO 13223 --- [restJob] [main] o.h.c.internal.RegionFactoryInitiator    : HHH000026: Second-level cache disabled
2025-07-23T00:29:22.121+05:30  INFO 13223 --- [restJob] [main] o.s.o.j.p.SpringPersistenceUnitInfo      : No LoadTimeWeaver setup: ignoring JPA class transformer
2025-07-23T00:29:22.169+05:30  INFO 13223 --- [restJob] [main] com.zaxxer.hikari.HikariDataSource       : HikariPool-1 - Starting...
2025-07-23T00:29:22.175+05:30  WARN 13223 --- [restJob] [main] c.zaxxer.hikari.util.DriverDataSource    : Registered driver with driverClassName=com.mysql.jdbc.Driver was not found, trying direct instantiation.
2025-07-23T00:29:22.907+05:30  INFO 13223 --- [restJob] [main] com.zaxxer.hikari.pool.HikariPool        : HikariPool-1 - Added connection com.mysql.cj.jdbc.ConnectionImpl@51e94b7d
2025-07-23T00:29:22.917+05:30  INFO 13223 --- [restJob] [main] com.zaxxer.hikari.HikariDataSource       : HikariPool-1 - Start completed.
2025-07-23T00:29:23.184+05:30  INFO 13223 --- [restJob] [main] org.hibernate.orm.connections.pooling    : HHH10001005: Database info:
	Database JDBC URL [Connecting through datasource 'HikariDataSource (HikariPool-1)']
	Database driver: undefined/unknown
	Database version: 9.1
	Autocommit mode: undefined/unknown
	Isolation level: undefined/unknown
	Minimum pool size: undefined/unknown
	Maximum pool size: undefined/unknown
2025-07-23T00:29:24.541+05:30  INFO 13223 --- [restJob] [main] o.h.e.t.j.p.i.JtaPlatformInitiator       : HHH000489: No JTA platform available (set 'hibernate.transaction.jta.platform' to enable JTA platform integration)
2025-07-23T00:29:24.637+05:30  INFO 13223 --- [restJob] [main] j.LocalContainerEntityManagerFactoryBean : Initialized JPA EntityManagerFactory for persistence unit 'default'
2025-07-23T00:29:25.318+05:30  WARN 13223 --- [restJob] [main] JpaBaseConfiguration$JpaWebConfiguration : spring.jpa.open-in-view is enabled by default. Therefore, database queries may be performed during view rendering. Explicitly configure spring.jpa.open-in-view to disable this warning
2025-07-23T00:29:25.358+05:30  INFO 13223 --- [restJob] [main] r$InitializeUserDetailsManagerConfigurer : Global AuthenticationManager configured with UserDetailsService bean with name myUserDetailsService
2025-07-23T00:29:26.177+05:30  INFO 13223 --- [restJob] [main] o.s.b.w.embedded.tomcat.TomcatWebServer  : Tomcat started on port 8080 (http) with context path '/'
2025-07-23T00:29:26.195+05:30  INFO 13223 --- [restJob] [main] com.restJob.restJob.RestJobApplication   : Started RestJobApplication in 8.427 seconds (process running for 8.883)
2025-07-23T00:29:37.194+05:30  INFO 13223 --- [restJob] [http-nio-8080-exec-1] o.a.c.c.C.[Tomcat].[localhost].[/]       : Initializing Spring DispatcherServlet 'dispatcherServlet'
2025-07-23T00:29:37.195+05:30  INFO 13223 --- [restJob] [http-nio-8080-exec-1] o.s.web.servlet.DispatcherServlet        : Initializing Servlet 'dispatcherServlet'
2025-07-23T00:29:37.200+05:30  INFO 13223 --- [restJob] [http-nio-8080-exec-1] o.s.web.servlet.DispatcherServlet        : Completed initialization in 1 ms
2025-07-23T00:34:45.384+05:30  INFO 13223 --- [restJob] [SpringApplicationShutdownHook] o.s.b.w.e.tomcat.GracefulShutdown        : Commencing graceful shutdown. Waiting for active requests to complete
2025-07-23T00:34:45.405+05:30  INFO 13223 --- [restJob] [tomcat-shutdown] o.s.b.w.e.tomcat.GracefulShutdown        : Graceful shutdown complete
2025-07-23T00:34:45.434+05:30  INFO 13223 --- [restJob] [SpringApplicationShutdownHook] j.LocalContainerEntityManagerFactoryBean : Closing JPA EntityManagerFactory for persistence unit 'default'
2025-07-23T00:34:45.472+05:30  INFO 13223 --- [restJob] [SpringApplicationShutdownHook] com.zaxxer.hikari.HikariDataSource       : HikariPool-1 - Shutdown initiated...
2025-07-23T00:34:45.521+05:30  INFO 13223 --- [restJob] [SpringApplicationShutdownHook] com.zaxxer.hikari.HikariDataSource       : HikariPool-1 - Shutdown completed.
2025-07-23T00:34:47.419+05:30  INFO 13403 --- [restJob] [main] com.restJob.restJob.RestJobApplication   : Starting RestJobApplication using Java 21.0.7 with PID 13403 (/Users/parul/maven_demo/jobAPP Full Stack/restJob/target/classes started by parul in /Users/parul/maven_demo/jobAPP Full Stack/restJob)
2025-07-23T00:34:47.422+05:30  INFO 13403 --- [restJob] [main] com.restJob.restJob.RestJobApplication   : No active profile set, falling back to 1 default profile: "default"
2025-07-23T00:34:48.510+05:30  INFO 13403 --- [restJob] [main] .s.d.r.c.RepositoryConfigurationDelegate : Bootstrapping Spring Data JPA repositories in DEFAULT mode.
2025-07-23T00:34:48.615+05:30  INFO 13403 --- [restJob] [main] .s.d.r.c.RepositoryConfigurationDelegate : Finished Spring Data repository scanning in 76 ms. Found 2 JPA repository interfaces.
2025-07-23T00:34:49.824+05:30  INFO 13403 --- [restJob] [main] o.s.b.w.embedded.tomcat.TomcatWebServer  : Tomcat initialized with port 8080 (http)
2025-07-23T00:34:49.853+05:30  INFO 13403 --- [restJob] [main] o.apache.catalina.core.StandardService   : Starting service [Tomcat]
2025-07-23T00:34:49.854+05:30  INFO 13403 --- [restJob] [main] o.apache.catalina.core.StandardEngine    : Starting Servlet engine: [Apache Tomcat/10.1.39]
2025-07-23T00:34:49.953+05:30  INFO 13403 --- [restJob] [main] o.a.c.c.C.[Tomcat].[localhost].[/]       : Initializing Spring embedded WebApplicationContext
2025-07-23T00:34:49.954+05:30  INFO 13403 --- [restJob] [main] w.s.c.ServletWebServerApplicationContext : Root WebApplicationContext: initialization completed in 2445 ms
2025-07-23T00:34:50.280+05:30  INFO 13403 --- [restJob] [main] o.hibernate.jpa.internal.util.LogHelper  : HHH000204: Processing PersistenceUnitInfo [name: default]
2025-07-23T00:34:50.382+05:30  INFO 13403 --- [restJob] [main] org.hibernate.Version                    : HHH000412: Hibernate ORM core version 6.6.11.Final
2025-07-23T00:34:50.478+05:30  INFO 13403 --- [restJob] [main] o.h.c.internal.RegionFactoryInitiator    : HHH000026: Second-level cache disabled
2025-07-23T00:34:50.958+05:30  INFO 13403 --- [restJob] [main] o.s.o.j.p.SpringPersistenceUnitInfo      : No LoadTimeWeaver setup: ignoring JPA class transformer
2025-07-23T00:34:51.014+05:30  INFO 13403 --- [restJob] [main] com.zaxxer.hikari.HikariDataSource       : HikariPool-1 - Starting...
2025-07-23T00:34:51.024+05:30  WARN 13403 --- [restJob] [main] c.zaxxer.hikari.util.DriverDataSource    : Registered driver with driverClassName=com.mysql.jdbc.Driver was not found, trying direct instantiation.
2025-07-23T00:34:51.708+05:30  INFO 13403 --- [restJob] [main] com.zaxxer.hikari.pool.HikariPool        : HikariPool-1 - Added connection com.mysql.cj.jdbc.ConnectionImpl@4fee14b
2025-07-23T00:34:51.712+05:30  INFO 13403 --- [restJob] [main] com.zaxxer.hikari.HikariDataSource       : HikariPool-1 - Start completed.
2025-07-23T00:34:51.903+05:30  INFO 13403 --- [restJob] [main] org.hibernate.orm.connections.pooling    : HHH10001005: Database info:
	Database JDBC URL [Connecting through datasource 'HikariDataSource (HikariPool-1)']
	Database driver: undefined/unknown
	Database version: 9.1
	Autocommit mode: undefined/unknown
	Isolation level: undefined/unknown
	Minimum pool size: undefined/unknown
	Maximum pool size: undefined/unknown
2025-07-23T00:34:53.396+05:30  INFO 13403 --- [restJob] [main] o.h.e.t.j.p.i.JtaPlatformInitiator       : HHH000489: No JTA platform available (set 'hibernate.transaction.jta.platform' to enable JTA platform integration)
2025-07-23T00:34:53.525+05:30  INFO 13403 --- [restJob] [main] j.LocalContainerEntityManagerFactoryBean : Initialized JPA EntityManagerFactory for persistence unit 'default'
2025-07-23T00:34:54.214+05:30  WARN 13403 --- [restJob] [main] JpaBaseConfiguration$JpaWebConfiguration : spring.jpa.open-in-view is enabled by default. Therefore, database queries may be performed during view rendering. Explicitly configure spring.jpa.open-in-view to disable this warning
2025-07-23T00:34:54.270+05:30  INFO 13403 --- [restJob] [main] r$InitializeUserDetailsManagerConfigurer : Global AuthenticationManager configured with UserDetailsService bean with name myUserDetailsService
2025-07-23T00:34:55.082+05:30  INFO 13403 --- [restJob] [main] o.s.b.w.embedded.tomcat.TomcatWebServer  : Tomcat started on port 8080 (http) with context path '/'
2025-07-23T00:34:55.106+05:30  INFO 13403 --- [restJob] [main] com.restJob.restJob.RestJobApplication   : Started RestJobApplication in 8.416 seconds (process running for 8.872)
2025-07-23T00:35:03.865+05:30  INFO 13403 --- [restJob] [http-nio-8080-exec-1] o.a.c.c.C.[Tomcat].[localhost].[/]       : Initializing Spring DispatcherServlet 'dispatcherServlet'
2025-07-23T00:35:03.866+05:30  INFO 13403 --- [restJob] [http-nio-8080-exec-1] o.s.web.servlet.DispatcherServlet        : Initializing Servlet 'dispatcherServlet'
2025-07-23T00:35:03.868+05:30  INFO 13403 --- [restJob] [http-nio-8080-exec-1] o.s.web.servlet.DispatcherServlet        : Completed initialization in 2 ms
2025-07-23T00:35:32.255+05:30  INFO 13403 --- [restJob] [http-nio-8080-exec-4] com.restJob.restJob.aop.LoggerAop        : Method called getAllJobs
2025-07-23T00:35:32.559+05:30  INFO 13403 --- [restJob] [http-nio-8080-exec-4] c.r.r.aop.PerformanceMonitoringAspect    : Execution time of getAllJobs is 295 ms
2025-07-23T00:35:32.561+05:30  INFO 13403 --- [restJob] [http-nio-8080-exec-4] com.restJob.restJob.aop.LoggerAop        : Method returned getAllJobs
2025-07-23T00:35:32.562+05:30  INFO 13403 --- [restJob] [http-nio-8080-exec-4] com.restJob.restJob.aop.LoggerAop        : Method executed getAllJobs
2025-07-23T00:35:46.271+05:30  INFO 13403 --- [restJob] [http-nio-8080-exec-8] com.restJob.restJob.aop.LoggerAop        : Method called getAllJobs
2025-07-23T00:35:46.284+05:30  INFO 13403 --- [restJob] [http-nio-8080-exec-8] c.r.r.aop.PerformanceMonitoringAspect    : Execution time of getAllJobs is 12 ms
2025-07-23T00:35:46.284+05:30  INFO 13403 --- [restJob] [http-nio-8080-exec-8] com.restJob.restJob.aop.LoggerAop        : Method returned getAllJobs
2025-07-23T00:35:46.285+05:30  INFO 13403 --- [restJob] [http-nio-8080-exec-8] com.restJob.restJob.aop.LoggerAop        : Method executed getAllJobs
2025-07-23T00:36:08.417+05:30  INFO 13403 --- [restJob] [http-nio-8080-exec-4] com.restJob.restJob.aop.LoggerAop        : Method called getAllJobs
2025-07-23T00:36:08.437+05:30  INFO 13403 --- [restJob] [http-nio-8080-exec-4] c.r.r.aop.PerformanceMonitoringAspect    : Execution time of getAllJobs is 19 ms
2025-07-23T00:36:08.438+05:30  INFO 13403 --- [restJob] [http-nio-8080-exec-4] com.restJob.restJob.aop.LoggerAop        : Method returned getAllJobs
2025-07-23T00:36:08.439+05:30  INFO 13403 --- [restJob] [http-nio-8080-exec-4] com.restJob.restJob.aop.LoggerAop        : Method executed getAllJobs
2025-07-23T00:45:15.254+05:30  INFO 13403 --- [restJob] [http-nio-8080-exec-7] com.restJob.restJob.aop.LoggerAop        : Method called getAllJobs
2025-07-23T00:45:15.487+05:30  INFO 13403 --- [restJob] [http-nio-8080-exec-7] c.r.r.aop.PerformanceMonitoringAspect    : Execution time of getAllJobs is 123 ms
2025-07-23T00:45:15.488+05:30  INFO 13403 --- [restJob] [http-nio-8080-exec-7] com.restJob.restJob.aop.LoggerAop        : Method returned getAllJobs
2025-07-23T00:45:15.489+05:30  INFO 13403 --- [restJob] [http-nio-8080-exec-7] com.restJob.restJob.aop.LoggerAop        : Method executed getAllJobs
2025-07-23T00:45:36.743+05:30  INFO 13403 --- [restJob] [http-nio-8080-exec-8] com.restJob.restJob.aop.LoggerAop        : Method called getAllJobs
2025-07-23T00:45:36.774+05:30  INFO 13403 --- [restJob] [http-nio-8080-exec-8] c.r.r.aop.PerformanceMonitoringAspect    : Execution time of getAllJobs is 27 ms
2025-07-23T00:45:36.774+05:30  INFO 13403 --- [restJob] [http-nio-8080-exec-8] com.restJob.restJob.aop.LoggerAop        : Method returned getAllJobs
2025-07-23T00:45:36.775+05:30  INFO 13403 --- [restJob] [http-nio-8080-exec-8] com.restJob.restJob.aop.LoggerAop        : Method executed getAllJobs
2025-07-23T00:45:37.619+05:30  INFO 13403 --- [restJob] [http-nio-8080-exec-10] com.restJob.restJob.aop.LoggerAop        : Method called getAllJobs
2025-07-23T00:45:37.649+05:30  INFO 13403 --- [restJob] [http-nio-8080-exec-10] c.r.r.aop.PerformanceMonitoringAspect    : Execution time of getAllJobs is 29 ms
2025-07-23T00:45:37.650+05:30  INFO 13403 --- [restJob] [http-nio-8080-exec-10] com.restJob.restJob.aop.LoggerAop        : Method returned getAllJobs
2025-07-23T00:45:37.651+05:30  INFO 13403 --- [restJob] [http-nio-8080-exec-10] com.restJob.restJob.aop.LoggerAop        : Method executed getAllJobs
2025-07-23T00:45:39.404+05:30  INFO 13403 --- [restJob] [http-nio-8080-exec-1] com.restJob.restJob.aop.LoggerAop        : Method called getAllJobs
2025-07-23T00:45:39.422+05:30  INFO 13403 --- [restJob] [http-nio-8080-exec-1] c.r.r.aop.PerformanceMonitoringAspect    : Execution time of getAllJobs is 15 ms
2025-07-23T00:45:39.423+05:30  INFO 13403 --- [restJob] [http-nio-8080-exec-1] com.restJob.restJob.aop.LoggerAop        : Method returned getAllJobs
2025-07-23T00:45:39.423+05:30  INFO 13403 --- [restJob] [http-nio-8080-exec-1] com.restJob.restJob.aop.LoggerAop        : Method executed getAllJobs
2025-07-23T00:45:40.874+05:30  INFO 13403 --- [restJob] [http-nio-8080-exec-2] com.restJob.restJob.aop.LoggerAop        : Method called getAllJobs
2025-07-23T00:45:40.923+05:30  INFO 13403 --- [restJob] [http-nio-8080-exec-2] c.r.r.aop.PerformanceMonitoringAspect    : Execution time of getAllJobs is 48 ms
2025-07-23T00:45:40.924+05:30  INFO 13403 --- [restJob] [http-nio-8080-exec-2] com.restJob.restJob.aop.LoggerAop        : Method returned getAllJobs
2025-07-23T00:45:40.926+05:30  INFO 13403 --- [restJob] [http-nio-8080-exec-2] com.restJob.restJob.aop.LoggerAop        : Method executed getAllJobs
2025-07-23T00:46:10.892+05:30  INFO 13403 --- [restJob] [http-nio-8080-exec-3] com.restJob.restJob.aop.LoggerAop        : Method called getAllJobs
2025-07-23T00:46:10.977+05:30  INFO 13403 --- [restJob] [http-nio-8080-exec-3] c.r.r.aop.PerformanceMonitoringAspect    : Execution time of getAllJobs is 77 ms
2025-07-23T00:46:10.980+05:30  INFO 13403 --- [restJob] [http-nio-8080-exec-3] com.restJob.restJob.aop.LoggerAop        : Method returned getAllJobs
2025-07-23T00:46:10.981+05:30  INFO 13403 --- [restJob] [http-nio-8080-exec-3] com.restJob.restJob.aop.LoggerAop        : Method executed getAllJobs
2025-07-23T00:47:48.260+05:30  INFO 13403 --- [restJob] [http-nio-8080-exec-7] com.restJob.restJob.aop.LoggerAop        : Method called getAllJobs
2025-07-23T00:47:48.290+05:30  INFO 13403 --- [restJob] [http-nio-8080-exec-7] c.r.r.aop.PerformanceMonitoringAspect    : Execution time of getAllJobs is 29 ms
2025-07-23T00:47:48.291+05:30  INFO 13403 --- [restJob] [http-nio-8080-exec-7] com.restJob.restJob.aop.LoggerAop        : Method returned getAllJobs
2025-07-23T00:47:48.291+05:30  INFO 13403 --- [restJob] [http-nio-8080-exec-7] com.restJob.restJob.aop.LoggerAop        : Method executed getAllJobs
2025-07-23T00:47:50.207+05:30  INFO 13403 --- [restJob] [http-nio-8080-exec-8] com.restJob.restJob.aop.LoggerAop        : Method called getAllJobs
2025-07-23T00:47:50.240+05:30  INFO 13403 --- [restJob] [http-nio-8080-exec-8] c.r.r.aop.PerformanceMonitoringAspect    : Execution time of getAllJobs is 30 ms
2025-07-23T00:47:50.241+05:30  INFO 13403 --- [restJob] [http-nio-8080-exec-8] com.restJob.restJob.aop.LoggerAop        : Method returned getAllJobs
2025-07-23T00:47:50.241+05:30  INFO 13403 --- [restJob] [http-nio-8080-exec-8] com.restJob.restJob.aop.LoggerAop        : Method executed getAllJobs
2025-07-23T00:48:39.365+05:30  INFO 13403 --- [restJob] [http-nio-8080-exec-10] com.restJob.restJob.aop.LoggerAop        : Method called getAllJobs
2025-07-23T00:48:39.433+05:30  INFO 13403 --- [restJob] [http-nio-8080-exec-10] c.r.r.aop.PerformanceMonitoringAspect    : Execution time of getAllJobs is 66 ms
2025-07-23T00:48:39.434+05:30  INFO 13403 --- [restJob] [http-nio-8080-exec-10] com.restJob.restJob.aop.LoggerAop        : Method returned getAllJobs
2025-07-23T00:48:39.434+05:30  INFO 13403 --- [restJob] [http-nio-8080-exec-10] com.restJob.restJob.aop.LoggerAop        : Method executed getAllJobs
2025-07-23T00:53:08.578+05:30  INFO 13403 --- [restJob] [http-nio-8080-exec-4] com.restJob.restJob.aop.LoggerAop        : Method called getAllJobs
2025-07-23T00:53:08.627+05:30  INFO 13403 --- [restJob] [http-nio-8080-exec-4] c.r.r.aop.PerformanceMonitoringAspect    : Execution time of getAllJobs is 45 ms
2025-07-23T00:53:08.628+05:30  INFO 13403 --- [restJob] [http-nio-8080-exec-4] com.restJob.restJob.aop.LoggerAop        : Method returned getAllJobs
2025-07-23T00:53:08.628+05:30  INFO 13403 --- [restJob] [http-nio-8080-exec-4] com.restJob.restJob.aop.LoggerAop        : Method executed getAllJobs
2025-07-23T00:53:15.287+05:30  INFO 13403 --- [restJob] [http-nio-8080-exec-5] com.restJob.restJob.aop.LoggerAop        : Method called getAllJobs
2025-07-23T00:53:15.309+05:30  INFO 13403 --- [restJob] [http-nio-8080-exec-5] c.r.r.aop.PerformanceMonitoringAspect    : Execution time of getAllJobs is 22 ms
2025-07-23T00:53:15.310+05:30  INFO 13403 --- [restJob] [http-nio-8080-exec-5] com.restJob.restJob.aop.LoggerAop        : Method returned getAllJobs
2025-07-23T00:53:15.310+05:30  INFO 13403 --- [restJob] [http-nio-8080-exec-5] com.restJob.restJob.aop.LoggerAop        : Method executed getAllJobs
2025-07-23T00:55:03.088+05:30  INFO 13403 --- [restJob] [http-nio-8080-exec-7] com.restJob.restJob.aop.LoggerAop        : Method called getAllJobs
2025-07-23T00:55:03.135+05:30  INFO 13403 --- [restJob] [http-nio-8080-exec-7] c.r.r.aop.PerformanceMonitoringAspect    : Execution time of getAllJobs is 45 ms
2025-07-23T00:55:03.137+05:30  INFO 13403 --- [restJob] [http-nio-8080-exec-7] com.restJob.restJob.aop.LoggerAop        : Method returned getAllJobs
2025-07-23T00:55:03.138+05:30  INFO 13403 --- [restJob] [http-nio-8080-exec-7] com.restJob.restJob.aop.LoggerAop        : Method executed getAllJobs
2025-07-23T00:55:06.770+05:30  INFO 13403 --- [restJob] [http-nio-8080-exec-9] com.restJob.restJob.aop.LoggerAop        : Method called getAllJobs
2025-07-23T00:55:06.788+05:30  INFO 13403 --- [restJob] [http-nio-8080-exec-9] c.r.r.aop.PerformanceMonitoringAspect    : Execution time of getAllJobs is 16 ms
2025-07-23T00:55:06.788+05:30  INFO 13403 --- [restJob] [http-nio-8080-exec-9] com.restJob.restJob.aop.LoggerAop        : Method returned getAllJobs
2025-07-23T00:55:06.789+05:30  INFO 13403 --- [restJob] [http-nio-8080-exec-9] com.restJob.restJob.aop.LoggerAop        : Method executed getAllJobs
2025-07-23T00:55:15.132+05:30  INFO 13403 --- [restJob] [http-nio-8080-exec-8] com.restJob.restJob.aop.LoggerAop        : Method called getAllJobs
2025-07-23T00:55:15.157+05:30  INFO 13403 --- [restJob] [http-nio-8080-exec-8] c.r.r.aop.PerformanceMonitoringAspect    : Execution time of getAllJobs is 19 ms
2025-07-23T00:55:15.158+05:30  INFO 13403 --- [restJob] [http-nio-8080-exec-8] com.restJob.restJob.aop.LoggerAop        : Method returned getAllJobs
2025-07-23T00:55:15.162+05:30  INFO 13403 --- [restJob] [http-nio-8080-exec-8] com.restJob.restJob.aop.LoggerAop        : Method executed getAllJobs
2025-07-23T00:56:41.070+05:30  INFO 13403 --- [restJob] [http-nio-8080-exec-2] com.restJob.restJob.aop.LoggerAop        : Method called getAllJobs
2025-07-23T00:56:41.094+05:30  INFO 13403 --- [restJob] [http-nio-8080-exec-2] c.r.r.aop.PerformanceMonitoringAspect    : Execution time of getAllJobs is 22 ms
2025-07-23T00:56:41.094+05:30  INFO 13403 --- [restJob] [http-nio-8080-exec-2] com.restJob.restJob.aop.LoggerAop        : Method returned getAllJobs
2025-07-23T00:56:41.095+05:30  INFO 13403 --- [restJob] [http-nio-8080-exec-2] com.restJob.restJob.aop.LoggerAop        : Method executed getAllJobs
2025-07-23T00:56:46.476+05:30  INFO 13403 --- [restJob] [http-nio-8080-exec-3] com.restJob.restJob.aop.LoggerAop        : Method called getAllJobs
2025-07-23T00:56:46.495+05:30  INFO 13403 --- [restJob] [http-nio-8080-exec-3] c.r.r.aop.PerformanceMonitoringAspect    : Execution time of getAllJobs is 18 ms
2025-07-23T00:56:46.496+05:30  INFO 13403 --- [restJob] [http-nio-8080-exec-3] com.restJob.restJob.aop.LoggerAop        : Method returned getAllJobs
2025-07-23T00:56:46.496+05:30  INFO 13403 --- [restJob] [http-nio-8080-exec-3] com.restJob.restJob.aop.LoggerAop        : Method executed getAllJobs
2025-07-23T00:59:09.714+05:30  INFO 13403 --- [restJob] [http-nio-8080-exec-5] com.restJob.restJob.aop.LoggerAop        : Method called getAllJobs
2025-07-23T00:59:09.752+05:30  INFO 13403 --- [restJob] [http-nio-8080-exec-5] c.r.r.aop.PerformanceMonitoringAspect    : Execution time of getAllJobs is 38 ms
2025-07-23T00:59:09.752+05:30  INFO 13403 --- [restJob] [http-nio-8080-exec-5] com.restJob.restJob.aop.LoggerAop        : Method returned getAllJobs
2025-07-23T00:59:09.753+05:30  INFO 13403 --- [restJob] [http-nio-8080-exec-5] com.restJob.restJob.aop.LoggerAop        : Method executed getAllJobs
2025-07-23T00:59:58.270+05:30  INFO 13403 --- [restJob] [http-nio-8080-exec-6] com.restJob.restJob.aop.LoggerAop        : Method called getAllJobs
2025-07-23T00:59:58.294+05:30  INFO 13403 --- [restJob] [http-nio-8080-exec-6] c.r.r.aop.PerformanceMonitoringAspect    : Execution time of getAllJobs is 23 ms
2025-07-23T00:59:58.306+05:30  INFO 13403 --- [restJob] [http-nio-8080-exec-6] com.restJob.restJob.aop.LoggerAop        : Method returned getAllJobs
2025-07-23T00:59:58.307+05:30  INFO 13403 --- [restJob] [http-nio-8080-exec-6] com.restJob.restJob.aop.LoggerAop        : Method executed getAllJobs
2025-07-23T01:01:48.234+05:30  INFO 13403 --- [restJob] [http-nio-8080-exec-9] com.restJob.restJob.aop.LoggerAop        : Method called getAllJobs
2025-07-23T01:01:48.259+05:30  INFO 13403 --- [restJob] [http-nio-8080-exec-9] c.r.r.aop.PerformanceMonitoringAspect    : Execution time of getAllJobs is 23 ms
2025-07-23T01:01:48.259+05:30  INFO 13403 --- [restJob] [http-nio-8080-exec-9] com.restJob.restJob.aop.LoggerAop        : Method returned getAllJobs
2025-07-23T01:01:48.261+05:30  INFO 13403 --- [restJob] [http-nio-8080-exec-9] com.restJob.restJob.aop.LoggerAop        : Method executed getAllJobs
2025-07-23T01:03:38.180+05:30  INFO 13403 --- [restJob] [http-nio-8080-exec-10] com.restJob.restJob.aop.LoggerAop        : Method called getAllJobs
2025-07-23T01:03:38.374+05:30  INFO 13403 --- [restJob] [http-nio-8080-exec-10] c.r.r.aop.PerformanceMonitoringAspect    : Execution time of getAllJobs is 186 ms
2025-07-23T01:03:38.375+05:30  INFO 13403 --- [restJob] [http-nio-8080-exec-10] com.restJob.restJob.aop.LoggerAop        : Method returned getAllJobs
2025-07-23T01:03:38.376+05:30  INFO 13403 --- [restJob] [http-nio-8080-exec-10] com.restJob.restJob.aop.LoggerAop        : Method executed getAllJobs
2025-07-23T01:03:52.664+05:30  INFO 13403 --- [restJob] [http-nio-8080-exec-2] com.restJob.restJob.aop.LoggerAop        : Method called getAllJobs
2025-07-23T01:03:52.684+05:30  INFO 13403 --- [restJob] [http-nio-8080-exec-2] c.r.r.aop.PerformanceMonitoringAspect    : Execution time of getAllJobs is 19 ms
2025-07-23T01:03:52.685+05:30  INFO 13403 --- [restJob] [http-nio-8080-exec-2] com.restJob.restJob.aop.LoggerAop        : Method returned getAllJobs
2025-07-23T01:03:52.686+05:30  INFO 13403 --- [restJob] [http-nio-8080-exec-2] com.restJob.restJob.aop.LoggerAop        : Method executed getAllJobs
2025-07-23T01:04:15.238+05:30  INFO 13403 --- [restJob] [http-nio-8080-exec-1] com.restJob.restJob.aop.LoggerAop        : Method called getAllJobs
2025-07-23T01:04:15.273+05:30  INFO 13403 --- [restJob] [http-nio-8080-exec-1] c.r.r.aop.PerformanceMonitoringAspect    : Execution time of getAllJobs is 34 ms
2025-07-23T01:04:15.274+05:30  INFO 13403 --- [restJob] [http-nio-8080-exec-1] com.restJob.restJob.aop.LoggerAop        : Method returned getAllJobs
2025-07-23T01:04:15.274+05:30  INFO 13403 --- [restJob] [http-nio-8080-exec-1] com.restJob.restJob.aop.LoggerAop        : Method executed getAllJobs
2025-07-23T01:04:17.314+05:30  INFO 13403 --- [restJob] [http-nio-8080-exec-3] com.restJob.restJob.aop.LoggerAop        : Method called getAllJobs
2025-07-23T01:04:17.340+05:30  INFO 13403 --- [restJob] [http-nio-8080-exec-3] c.r.r.aop.PerformanceMonitoringAspect    : Execution time of getAllJobs is 24 ms
2025-07-23T01:04:17.341+05:30  INFO 13403 --- [restJob] [http-nio-8080-exec-3] com.restJob.restJob.aop.LoggerAop        : Method returned getAllJobs
2025-07-23T01:04:17.341+05:30  INFO 13403 --- [restJob] [http-nio-8080-exec-3] com.restJob.restJob.aop.LoggerAop        : Method executed getAllJobs
2025-07-23T01:04:39.071+05:30  INFO 13403 --- [restJob] [http-nio-8080-exec-7] com.restJob.restJob.aop.LoggerAop        : Method called getAllJobs
2025-07-23T01:04:39.101+05:30  INFO 13403 --- [restJob] [http-nio-8080-exec-7] c.r.r.aop.PerformanceMonitoringAspect    : Execution time of getAllJobs is 29 ms
2025-07-23T01:04:39.101+05:30  INFO 13403 --- [restJob] [http-nio-8080-exec-7] com.restJob.restJob.aop.LoggerAop        : Method returned getAllJobs
2025-07-23T01:04:39.101+05:30  INFO 13403 --- [restJob] [http-nio-8080-exec-7] com.restJob.restJob.aop.LoggerAop        : Method executed getAllJobs
2025-07-23T01:04:46.003+05:30  INFO 13403 --- [restJob] [http-nio-8080-exec-8] com.restJob.restJob.aop.LoggerAop        : Method called getAllJobs
2025-07-23T01:04:46.024+05:30  INFO 13403 --- [restJob] [http-nio-8080-exec-8] c.r.r.aop.PerformanceMonitoringAspect    : Execution time of getAllJobs is 21 ms
2025-07-23T01:04:46.025+05:30  INFO 13403 --- [restJob] [http-nio-8080-exec-8] com.restJob.restJob.aop.LoggerAop        : Method returned getAllJobs
2025-07-23T01:04:46.026+05:30  INFO 13403 --- [restJob] [http-nio-8080-exec-8] com.restJob.restJob.aop.LoggerAop        : Method executed getAllJobs
2025-07-23T01:04:48.214+05:30  INFO 13403 --- [restJob] [http-nio-8080-exec-10] com.restJob.restJob.aop.LoggerAop        : Method called getAllJobs
2025-07-23T01:04:48.242+05:30  INFO 13403 --- [restJob] [http-nio-8080-exec-10] c.r.r.aop.PerformanceMonitoringAspect    : Execution time of getAllJobs is 27 ms
2025-07-23T01:04:48.243+05:30  INFO 13403 --- [restJob] [http-nio-8080-exec-10] com.restJob.restJob.aop.LoggerAop        : Method returned getAllJobs
2025-07-23T01:04:48.243+05:30  INFO 13403 --- [restJob] [http-nio-8080-exec-10] com.restJob.restJob.aop.LoggerAop        : Method executed getAllJobs
2025-07-23T01:04:49.195+05:30  INFO 13403 --- [restJob] [http-nio-8080-exec-2] com.restJob.restJob.aop.LoggerAop        : Method called getAllJobs
2025-07-23T01:04:49.226+05:30  INFO 13403 --- [restJob] [http-nio-8080-exec-2] c.r.r.aop.PerformanceMonitoringAspect    : Execution time of getAllJobs is 30 ms
2025-07-23T01:04:49.227+05:30  INFO 13403 --- [restJob] [http-nio-8080-exec-2] com.restJob.restJob.aop.LoggerAop        : Method returned getAllJobs
2025-07-23T01:04:49.227+05:30  INFO 13403 --- [restJob] [http-nio-8080-exec-2] com.restJob.restJob.aop.LoggerAop        : Method executed getAllJobs
2025-07-23T01:06:08.855+05:30  INFO 13403 --- [restJob] [http-nio-8080-exec-4] com.restJob.restJob.aop.LoggerAop        : Method called getAllJobs
2025-07-23T01:06:08.891+05:30  INFO 13403 --- [restJob] [http-nio-8080-exec-4] c.r.r.aop.PerformanceMonitoringAspect    : Execution time of getAllJobs is 35 ms
2025-07-23T01:06:08.892+05:30  INFO 13403 --- [restJob] [http-nio-8080-exec-4] com.restJob.restJob.aop.LoggerAop        : Method returned getAllJobs
2025-07-23T01:06:08.893+05:30  INFO 13403 --- [restJob] [http-nio-8080-exec-4] com.restJob.restJob.aop.LoggerAop        : Method executed getAllJobs
2025-07-23T01:06:09.661+05:30  INFO 13403 --- [restJob] [http-nio-8080-exec-5] com.restJob.restJob.aop.LoggerAop        : Method called getAllJobs
2025-07-23T01:06:09.689+05:30  INFO 13403 --- [restJob] [http-nio-8080-exec-5] c.r.r.aop.PerformanceMonitoringAspect    : Execution time of getAllJobs is 28 ms
2025-07-23T01:06:09.690+05:30  INFO 13403 --- [restJob] [http-nio-8080-exec-5] com.restJob.restJob.aop.LoggerAop        : Method returned getAllJobs
2025-07-23T01:06:09.691+05:30  INFO 13403 --- [restJob] [http-nio-8080-exec-5] com.restJob.restJob.aop.LoggerAop        : Method executed getAllJobs
2025-07-23T01:06:11.534+05:30  INFO 13403 --- [restJob] [http-nio-8080-exec-9] com.restJob.restJob.aop.LoggerAop        : Method called getAllJobs
2025-07-23T01:06:11.557+05:30  INFO 13403 --- [restJob] [http-nio-8080-exec-9] c.r.r.aop.PerformanceMonitoringAspect    : Execution time of getAllJobs is 22 ms
2025-07-23T01:06:11.558+05:30  INFO 13403 --- [restJob] [http-nio-8080-exec-9] com.restJob.restJob.aop.LoggerAop        : Method returned getAllJobs
2025-07-23T01:06:11.558+05:30  INFO 13403 --- [restJob] [http-nio-8080-exec-9] com.restJob.restJob.aop.LoggerAop        : Method executed getAllJobs
2025-07-23T01:06:16.155+05:30  INFO 13403 --- [restJob] [http-nio-8080-exec-10] com.restJob.restJob.aop.LoggerAop        : Method called getAllJobs
2025-07-23T01:06:16.213+05:30  INFO 13403 --- [restJob] [http-nio-8080-exec-10] c.r.r.aop.PerformanceMonitoringAspect    : Execution time of getAllJobs is 57 ms
2025-07-23T01:06:16.219+05:30  INFO 13403 --- [restJob] [http-nio-8080-exec-10] com.restJob.restJob.aop.LoggerAop        : Method returned getAllJobs
2025-07-23T01:06:16.219+05:30  INFO 13403 --- [restJob] [http-nio-8080-exec-10] com.restJob.restJob.aop.LoggerAop        : Method executed getAllJobs
2025-07-23T01:06:17.402+05:30  INFO 13403 --- [restJob] [http-nio-8080-exec-1] com.restJob.restJob.aop.LoggerAop        : Method called getAllJobs
2025-07-23T01:06:17.424+05:30  INFO 13403 --- [restJob] [http-nio-8080-exec-1] c.r.r.aop.PerformanceMonitoringAspect    : Execution time of getAllJobs is 22 ms
2025-07-23T01:06:17.425+05:30  INFO 13403 --- [restJob] [http-nio-8080-exec-1] com.restJob.restJob.aop.LoggerAop        : Method returned getAllJobs
2025-07-23T01:06:17.425+05:30  INFO 13403 --- [restJob] [http-nio-8080-exec-1] com.restJob.restJob.aop.LoggerAop        : Method executed getAllJobs
2025-07-23T01:06:19.423+05:30  INFO 13403 --- [restJob] [http-nio-8080-exec-3] com.restJob.restJob.aop.LoggerAop        : Method called getAllJobs
2025-07-23T01:06:19.458+05:30  INFO 13403 --- [restJob] [http-nio-8080-exec-3] c.r.r.aop.PerformanceMonitoringAspect    : Execution time of getAllJobs is 33 ms
2025-07-23T01:06:19.459+05:30  INFO 13403 --- [restJob] [http-nio-8080-exec-3] com.restJob.restJob.aop.LoggerAop        : Method returned getAllJobs
2025-07-23T01:06:19.460+05:30  INFO 13403 --- [restJob] [http-nio-8080-exec-3] com.restJob.restJob.aop.LoggerAop        : Method executed getAllJobs
2025-07-23T01:06:20.243+05:30  INFO 13403 --- [restJob] [http-nio-8080-exec-4] com.restJob.restJob.aop.LoggerAop        : Method called getAllJobs
2025-07-23T01:06:20.262+05:30  INFO 13403 --- [restJob] [http-nio-8080-exec-4] c.r.r.aop.PerformanceMonitoringAspect    : Execution time of getAllJobs is 19 ms
2025-07-23T01:06:20.262+05:30  INFO 13403 --- [restJob] [http-nio-8080-exec-4] com.restJob.restJob.aop.LoggerAop        : Method returned getAllJobs
2025-07-23T01:06:20.262+05:30  INFO 13403 --- [restJob] [http-nio-8080-exec-4] com.restJob.restJob.aop.LoggerAop        : Method executed getAllJobs
2025-07-23T01:06:36.467+05:30  INFO 13403 --- [restJob] [http-nio-8080-exec-5] com.restJob.restJob.aop.LoggerAop        : Method called getAllJobs
2025-07-23T01:06:36.555+05:30  INFO 13403 --- [restJob] [http-nio-8080-exec-5] c.r.r.aop.PerformanceMonitoringAspect    : Execution time of getAllJobs is 85 ms
2025-07-23T01:06:36.556+05:30  INFO 13403 --- [restJob] [http-nio-8080-exec-5] com.restJob.restJob.aop.LoggerAop        : Method returned getAllJobs
2025-07-23T01:06:36.556+05:30  INFO 13403 --- [restJob] [http-nio-8080-exec-5] com.restJob.restJob.aop.LoggerAop        : Method executed getAllJobs
2025-07-23T01:06:36.690+05:30  INFO 13403 --- [restJob] [http-nio-8080-exec-7] com.restJob.restJob.aop.LoggerAop        : Method called getAllJobs
2025-07-23T01:06:36.714+05:30  INFO 13403 --- [restJob] [http-nio-8080-exec-7] c.r.r.aop.PerformanceMonitoringAspect    : Execution time of getAllJobs is 21 ms
2025-07-23T01:06:36.714+05:30  INFO 13403 --- [restJob] [http-nio-8080-exec-7] com.restJob.restJob.aop.LoggerAop        : Method returned getAllJobs
2025-07-23T01:06:36.718+05:30  INFO 13403 --- [restJob] [http-nio-8080-exec-7] com.restJob.restJob.aop.LoggerAop        : Method executed getAllJobs
2025-07-23T01:06:38.338+05:30  INFO 13403 --- [restJob] [http-nio-8080-exec-9] com.restJob.restJob.aop.LoggerAop        : Method called getAllJobs
2025-07-23T01:06:38.363+05:30  INFO 13403 --- [restJob] [http-nio-8080-exec-9] c.r.r.aop.PerformanceMonitoringAspect    : Execution time of getAllJobs is 25 ms
2025-07-23T01:06:38.363+05:30  INFO 13403 --- [restJob] [http-nio-8080-exec-9] com.restJob.restJob.aop.LoggerAop        : Method returned getAllJobs
2025-07-23T01:06:38.363+05:30  INFO 13403 --- [restJob] [http-nio-8080-exec-9] com.restJob.restJob.aop.LoggerAop        : Method executed getAllJobs
2025-07-23T01:06:39.112+05:30  INFO 13403 --- [restJob] [http-nio-8080-exec-8] com.restJob.restJob.aop.LoggerAop        : Method called getAllJobs
2025-07-23T01:06:39.139+05:30  INFO 13403 --- [restJob] [http-nio-8080-exec-8] c.r.r.aop.PerformanceMonitoringAspect    : Execution time of getAllJobs is 27 ms
2025-07-23T01:06:39.144+05:30  INFO 13403 --- [restJob] [http-nio-8080-exec-8] com.restJob.restJob.aop.LoggerAop        : Method returned getAllJobs
2025-07-23T01:06:39.148+05:30  INFO 13403 --- [restJob] [http-nio-8080-exec-8] com.restJob.restJob.aop.LoggerAop        : Method executed getAllJobs
2025-07-23T01:06:39.777+05:30  INFO 13403 --- [restJob] [http-nio-8080-exec-10] com.restJob.restJob.aop.LoggerAop        : Method called getAllJobs
2025-07-23T01:06:39.829+05:30  INFO 13403 --- [restJob] [http-nio-8080-exec-10] c.r.r.aop.PerformanceMonitoringAspect    : Execution time of getAllJobs is 51 ms
2025-07-23T01:06:39.830+05:30  INFO 13403 --- [restJob] [http-nio-8080-exec-10] com.restJob.restJob.aop.LoggerAop        : Method returned getAllJobs
2025-07-23T01:06:39.839+05:30  INFO 13403 --- [restJob] [http-nio-8080-exec-10] com.restJob.restJob.aop.LoggerAop        : Method executed getAllJobs
2025-07-23T01:06:41.544+05:30  INFO 13403 --- [restJob] [http-nio-8080-exec-2] com.restJob.restJob.aop.LoggerAop        : Method called getAllJobs
2025-07-23T01:06:41.576+05:30  INFO 13403 --- [restJob] [http-nio-8080-exec-2] c.r.r.aop.PerformanceMonitoringAspect    : Execution time of getAllJobs is 31 ms
2025-07-23T01:06:41.576+05:30  INFO 13403 --- [restJob] [http-nio-8080-exec-2] com.restJob.restJob.aop.LoggerAop        : Method returned getAllJobs
2025-07-23T01:06:41.576+05:30  INFO 13403 --- [restJob] [http-nio-8080-exec-2] com.restJob.restJob.aop.LoggerAop        : Method executed getAllJobs
2025-07-23T01:06:41.960+05:30  INFO 13403 --- [restJob] [http-nio-8080-exec-1] com.restJob.restJob.aop.LoggerAop        : Method called getAllJobs
2025-07-23T01:06:41.994+05:30  INFO 13403 --- [restJob] [http-nio-8080-exec-1] c.r.r.aop.PerformanceMonitoringAspect    : Execution time of getAllJobs is 15 ms
2025-07-23T01:06:41.994+05:30  INFO 13403 --- [restJob] [http-nio-8080-exec-1] com.restJob.restJob.aop.LoggerAop        : Method returned getAllJobs
2025-07-23T01:06:41.995+05:30  INFO 13403 --- [restJob] [http-nio-8080-exec-1] com.restJob.restJob.aop.LoggerAop        : Method executed getAllJobs
2025-07-23T01:06:54.145+05:30  INFO 13403 --- [restJob] [http-nio-8080-exec-6] com.restJob.restJob.aop.LoggerAop        : Method called getAllJobs
2025-07-23T01:06:54.157+05:30  INFO 13403 --- [restJob] [http-nio-8080-exec-6] c.r.r.aop.PerformanceMonitoringAspect    : Execution time of getAllJobs is 11 ms
2025-07-23T01:06:54.158+05:30  INFO 13403 --- [restJob] [http-nio-8080-exec-6] com.restJob.restJob.aop.LoggerAop        : Method returned getAllJobs
2025-07-23T01:06:54.163+05:30  INFO 13403 --- [restJob] [http-nio-8080-exec-6] com.restJob.restJob.aop.LoggerAop        : Method executed getAllJobs
2025-07-23T01:07:12.867+05:30  INFO 13403 --- [restJob] [http-nio-8080-exec-5] com.restJob.restJob.aop.LoggerAop        : Method called getAllJobs
2025-07-23T01:07:12.898+05:30  INFO 13403 --- [restJob] [http-nio-8080-exec-5] c.r.r.aop.PerformanceMonitoringAspect    : Execution time of getAllJobs is 26 ms
2025-07-23T01:07:12.908+05:30  INFO 13403 --- [restJob] [http-nio-8080-exec-5] com.restJob.restJob.aop.LoggerAop        : Method returned getAllJobs
2025-07-23T01:07:12.909+05:30  INFO 13403 --- [restJob] [http-nio-8080-exec-5] com.restJob.restJob.aop.LoggerAop        : Method executed getAllJobs
2025-07-23T01:07:14.567+05:30  INFO 13403 --- [restJob] [http-nio-8080-exec-8] com.restJob.restJob.aop.LoggerAop        : Method called getAllJobs
2025-07-23T01:07:14.601+05:30  INFO 13403 --- [restJob] [http-nio-8080-exec-8] c.r.r.aop.PerformanceMonitoringAspect    : Execution time of getAllJobs is 34 ms
2025-07-23T01:07:14.602+05:30  INFO 13403 --- [restJob] [http-nio-8080-exec-8] com.restJob.restJob.aop.LoggerAop        : Method returned getAllJobs
2025-07-23T01:07:14.602+05:30  INFO 13403 --- [restJob] [http-nio-8080-exec-8] com.restJob.restJob.aop.LoggerAop        : Method executed getAllJobs
2025-07-23T01:07:23.824+05:30  INFO 13403 --- [restJob] [http-nio-8080-exec-1] com.restJob.restJob.aop.LoggerAop        : Method called getAllJobs
2025-07-23T01:07:23.843+05:30  INFO 13403 --- [restJob] [http-nio-8080-exec-1] c.r.r.aop.PerformanceMonitoringAspect    : Execution time of getAllJobs is 19 ms
2025-07-23T01:07:23.843+05:30  INFO 13403 --- [restJob] [http-nio-8080-exec-1] com.restJob.restJob.aop.LoggerAop        : Method returned getAllJobs
2025-07-23T01:07:23.844+05:30  INFO 13403 --- [restJob] [http-nio-8080-exec-1] com.restJob.restJob.aop.LoggerAop        : Method executed getAllJobs
2025-07-23T01:07:27.689+05:30  INFO 13403 --- [restJob] [http-nio-8080-exec-3] com.restJob.restJob.aop.LoggerAop        : Method called getAllJobs
2025-07-23T01:07:27.708+05:30  INFO 13403 --- [restJob] [http-nio-8080-exec-3] c.r.r.aop.PerformanceMonitoringAspect    : Execution time of getAllJobs is 19 ms
2025-07-23T01:07:27.708+05:30  INFO 13403 --- [restJob] [http-nio-8080-exec-3] com.restJob.restJob.aop.LoggerAop        : Method returned getAllJobs
2025-07-23T01:07:27.708+05:30  INFO 13403 --- [restJob] [http-nio-8080-exec-3] com.restJob.restJob.aop.LoggerAop        : Method executed getAllJobs
2025-07-23T01:08:26.774+05:30  INFO 13403 --- [restJob] [http-nio-8080-exec-6] com.restJob.restJob.aop.LoggerAop        : Method called getJob
2025-07-23T01:08:26.775+05:30  INFO 13403 --- [restJob] [http-nio-8080-exec-6] com.restJob.restJob.aop.ValidateAspect   : PostId is updated 5
2025-07-23T01:08:26.794+05:30  INFO 13403 --- [restJob] [http-nio-8080-exec-6] c.r.r.aop.PerformanceMonitoringAspect    : Execution time of getJob is 20 ms
2025-07-23T01:08:26.795+05:30  INFO 13403 --- [restJob] [http-nio-8080-exec-6] com.restJob.restJob.aop.LoggerAop        : Method returned getJob
2025-07-23T01:08:26.795+05:30  INFO 13403 --- [restJob] [http-nio-8080-exec-6] com.restJob.restJob.aop.LoggerAop        : Method executed getJob
2025-07-23T01:08:34.452+05:30  INFO 13403 --- [restJob] [http-nio-8080-exec-7] com.restJob.restJob.aop.LoggerAop        : Method called getAllJobs
2025-07-23T01:08:34.472+05:30  INFO 13403 --- [restJob] [http-nio-8080-exec-7] c.r.r.aop.PerformanceMonitoringAspect    : Execution time of getAllJobs is 20 ms
2025-07-23T01:08:34.473+05:30  INFO 13403 --- [restJob] [http-nio-8080-exec-7] com.restJob.restJob.aop.LoggerAop        : Method returned getAllJobs
2025-07-23T01:08:34.473+05:30  INFO 13403 --- [restJob] [http-nio-8080-exec-7] com.restJob.restJob.aop.LoggerAop        : Method executed getAllJobs
2025-07-23T01:08:37.121+05:30  INFO 13403 --- [restJob] [http-nio-8080-exec-8] com.restJob.restJob.aop.LoggerAop        : Method called getAllJobs
2025-07-23T01:08:37.148+05:30  INFO 13403 --- [restJob] [http-nio-8080-exec-8] c.r.r.aop.PerformanceMonitoringAspect    : Execution time of getAllJobs is 26 ms
2025-07-23T01:08:37.148+05:30  INFO 13403 --- [restJob] [http-nio-8080-exec-8] com.restJob.restJob.aop.LoggerAop        : Method returned getAllJobs
2025-07-23T01:08:37.149+05:30  INFO 13403 --- [restJob] [http-nio-8080-exec-8] com.restJob.restJob.aop.LoggerAop        : Method executed getAllJobs
2025-07-23T01:10:59.997+05:30  INFO 13403 --- [restJob] [http-nio-8080-exec-4] com.restJob.restJob.aop.LoggerAop        : Method called getAllJobs
2025-07-23T01:11:00.062+05:30  INFO 13403 --- [restJob] [http-nio-8080-exec-4] c.r.r.aop.PerformanceMonitoringAspect    : Execution time of getAllJobs is 25 ms
2025-07-23T01:11:00.063+05:30  INFO 13403 --- [restJob] [http-nio-8080-exec-4] com.restJob.restJob.aop.LoggerAop        : Method returned getAllJobs
2025-07-23T01:11:00.063+05:30  INFO 13403 --- [restJob] [http-nio-8080-exec-4] com.restJob.restJob.aop.LoggerAop        : Method executed getAllJobs
2025-07-23T01:11:00.348+05:30  INFO 13403 --- [restJob] [http-nio-8080-exec-5] com.restJob.restJob.aop.LoggerAop        : Method called getAllJobs
2025-07-23T01:11:00.370+05:30  INFO 13403 --- [restJob] [http-nio-8080-exec-5] c.r.r.aop.PerformanceMonitoringAspect    : Execution time of getAllJobs is 22 ms
2025-07-23T01:11:00.373+05:30  INFO 13403 --- [restJob] [http-nio-8080-exec-5] com.restJob.restJob.aop.LoggerAop        : Method returned getAllJobs
2025-07-23T01:11:00.373+05:30  INFO 13403 --- [restJob] [http-nio-8080-exec-5] com.restJob.restJob.aop.LoggerAop        : Method executed getAllJobs
2025-07-23T01:11:59.488+05:30  INFO 13403 --- [restJob] [SpringApplicationShutdownHook] o.s.b.w.e.tomcat.GracefulShutdown        : Commencing graceful shutdown. Waiting for active requests to complete
2025-07-23T01:11:59.794+05:30  INFO 13403 --- [restJob] [tomcat-shutdown] o.s.b.w.e.tomcat.GracefulShutdown        : Graceful shutdown complete
2025-07-23T01:11:59.970+05:30  INFO 13403 --- [restJob] [SpringApplicationShutdownHook] j.LocalContainerEntityManagerFactoryBean : Closing JPA EntityManagerFactory for persistence unit 'default'
2025-07-23T01:11:59.979+05:30  INFO 13403 --- [restJob] [SpringApplicationShutdownHook] com.zaxxer.hikari.HikariDataSource       : HikariPool-1 - Shutdown initiated...
2025-07-23T01:11:59.991+05:30  INFO 13403 --- [restJob] [SpringApplicationShutdownHook] com.zaxxer.hikari.HikariDataSource       : HikariPool-1 - Shutdown completed.
